<?xml version="1.0" encoding="UTF-8"?>
<!-- Generated by org.testng.reporters.JUnitReportReporter -->
<testsuite hostname="LAPTOP-GDGOH5RM" failures="0" tests="2" name="in.Testcases.DataproviderTest" time="12.112" errors="0" timestamp="2025-07-16T17:29:16 IST" skipped="0">
  <testcase classname="in.Testcases.DataproviderTest" name="loginTest" time="6.442"/>
  <testcase classname="in.Testcases.DataproviderTest" name="loginTest" time="5.670"/>
</testsuite> <!-- in.Testcases.DataproviderTest -->
