<?xml version="1.0" encoding="UTF-8"?>
<!-- Generated by org.testng.reporters.JUnitReportReporter -->
<testsuite hostname="LAPTOP-GDGOH5RM" failures="0" tests="4" name="in.Testcases.ParallelTesting" time="8.069" errors="0" timestamp="2025-07-16T18:41:50 IST" skipped="0">
  <testcase classname="in.Testcases.ParallelTesting" name="testlogin" time="4.044"/>
  <testcase classname="in.Testcases.ParallelTesting" name="testlogin" time="4.002"/>
  <testcase classname="in.Testcases.ParallelTesting" name="testcurreturl" time="0.010"/>
  <testcase classname="in.Testcases.ParallelTesting" name="testcurreturl" time="0.013"/>
</testsuite> <!-- in.Testcases.ParallelTesting -->
