<?xml version="1.0" encoding="UTF-8"?>
<!-- Generated by org.testng.reporters.JUnitReportReporter -->
<testsuite hostname="LAPTOP-GDGOH5RM" failures="0" tests="1" name="in.Testcases.HelloCanadaLogin" time="9.190" errors="0" timestamp="2025-07-15T16:48:46 IST" skipped="0">
  <testcase classname="in.Testcases.HelloCanadaLogin" name="testInvalidData" time="9.190"/>
</testsuite> <!-- in.Testcases.HelloCanadaLogin -->
