<?xml version="1.0" encoding="UTF-8"?>
<!-- Generated by org.testng.reporters.JUnitReportReporter -->
<testsuite hostname="LAPTOP-GDGOH5RM" failures="0" tests="1" name="in.Testcases.Flipkart" time="5.842" errors="0" timestamp="2025-08-05T18:29:08 IST" skipped="0">
  <testcase classname="in.Testcases.Flipkart" name="doubleclick" time="5.842"/>
</testsuite> <!-- in.Testcases.Flipkart -->
