<?xml version="1.0" encoding="UTF-8"?>
<!-- Generated by org.testng.reporters.JUnitReportReporter -->
<testsuite hostname="LAPTOP-GDGOH5RM" failures="0" tests="2" name="in.Testcases.DataproviderTest" time="12.630" errors="0" timestamp="2025-07-30T18:41:41 IST" skipped="0">
  <testcase classname="in.Testcases.DataproviderTest" name="loginTest" time="6.831"/>
  <testcase classname="in.Testcases.DataproviderTest" name="loginTest" time="5.799"/>
</testsuite> <!-- in.Testcases.DataproviderTest -->
